<?xml version="1.0" encoding="UTF-8"?>
<!-- Generated by org.testng.reporters.JUnitReportReporter -->
<testsuite hostname="IQ-BIND" failures="0" tests="2" name="com.Maven.Delete" time="0.015" errors="0" timestamp="2023-08-16T12:12:51 IST" skipped="0">
  <testcase classname="com.Maven.Delete" name="explain" time="0.006"/>
  <system-out/>
  <testcase classname="com.Maven.Delete" name="delete" time="0.009"/>
  <system-out/>
</testsuite> <!-- com.Maven.Delete -->
